#
# A fatal error has been detected by the Java Runtime Environment:
#
#  EXCEPTION_ACCESS_VIOLATION (0xc0000005) at pc=0x00007ffa957368a7, pid=6368, tid=16776
#
# JRE version: OpenJDK Runtime Environment JBR-17.0.12+1-1207.37-nomod (17.0.12+1) (build 17.0.12+1-b1207.37)
# Java VM: OpenJDK 64-Bit Server VM JBR-17.0.12+1-1207.37-nomod (17.0.12+1-b1207.37, mixed mode, sharing, tiered, compressed oops, compressed class ptrs, g1 gc, windows-amd64)
# Problematic frame:
# C  [glass.dll+0x268a7]
#
# No core dump will be written. Minidumps are not enabled by default on client versions of Windows
#
# If you would like to submit a bug report, please visit:
#   https://youtrack.jetbrains.com/issues/JBR
#

---------------  S U M M A R Y ------------

Command Line: --module-path=C:\Program Files\javafx-sdk-17.0.14\lib --add-modules=javafx.controls,javafx.fxml,javafx.graphics -javaagent:C:\Program Files\JetBrains\IntelliJ IDEA 2024.3\lib\idea_rt.jar=62127:C:\Program Files\JetBrains\IntelliJ IDEA 2024.3\bin -Dfile.encoding=UTF-8 tn.esprit.test.MainFX

Host: Intel(R) Core(TM) i5-8265U CPU @ 1.60GHz, 8 cores, 11G,  Windows 10 , 64 bit Build 19041 (10.0.19041.5794)
Time: Sun Apr 27 16:20:41 2025 Afr. centrale Ouest elapsed time: 214.882148 seconds (0d 0h 3m 34s)

---------------  T H R E A D  ---------------

Current thread (0x000002337d023870):  VMThread "VM Thread" [stack: 0x0000003c30700000,0x0000003c30800000] [id=16776]

Stack: [0x0000003c30700000,0x0000003c30800000],  sp=0x0000003c307fef80,  free space=1019k
Native frames: (J=compiled Java code, j=interpreted, Vv=VM code, C=native code)
C  [glass.dll+0x268a7]


siginfo: EXCEPTION_ACCESS_VIOLATION (0xc0000005), reading address 0x0000000000000000


Registers:
RAX=0x0000000000000000, RBX=0x000002337d02fe98, RCX=0x000002337d023870, RDX=0x0000003c307fef80
RSP=0x0000003c307fef80, RBP=0x000002337dfae688, RSI=0x000002337dfae660, RDI=0x00001996978a69d4
R8 =0x0000000000010002, R9 =0x00001996978a69d4, R10=0x0000000000008000, R11=0x0000003c307fef10
R12=0x00007ffa957341f0, R13=0x00007ffa255b5520, R14=0x0000003c307ff078, R15=0x000002337dfae660
RIP=0x00007ffa957368a7, EFLAGS=0x0000000000010206


Register to memory mapping:

RIP=0x00007ffa957368a7 glass.dll
RAX=0x0 is NULL
RBX=0x000002337d02fe98 is a global jni handle
RCX=0x000002337d023870 points into unknown readable memory: 0x00007ffa253ceb78 | 78 eb 3c 25 fa 7f 00 00
RDX=0x0000003c307fef80 points into unknown readable memory: 0x0000000000000000 | 00 00 00 00 00 00 00 00
RSP=0x0000003c307fef80 points into unknown readable memory: 0x0000000000000000 | 00 00 00 00 00 00 00 00
RBP=0x000002337dfae688 points into unknown readable memory: 0x00001996978a69d4 | d4 69 8a 97 96 19 00 00
RSI=0x000002337dfae660 points into unknown readable memory: 0xffa94ea5470a69d3 | d3 69 0a 47 a5 4e a9 ff
RDI=0x00001996978a69d4 is an unknown value
R8 =0x0000000000010002 is an unknown value
R9 =0x00001996978a69d4 is an unknown value
R10=0x0000000000008000 is an unknown value
R11=0x0000003c307fef10 points into unknown readable memory: 0x000002337dfae660 | 60 e6 fa 7d 33 02 00 00
R12=0x00007ffa957341f0 glass.dll
R13=0x00007ffa255b5520 jvm.dll::LogTagSetMapping<159,0,0,0,0,0>::_tagset + 0x0
R14=0x0000003c307ff078 points into unknown readable memory: 0x0000003c307ff060 | 60 f0 7f 30 3c 00 00 00
R15=0x000002337dfae660 points into unknown readable memory: 0xffa94ea5470a69d3 | d3 69 0a 47 a5 4e a9 ff


Top of Stack: (sp=0x0000003c307fef80)
0x0000003c307fef80:   0000000000000000 000002337dfae660
0x0000003c307fef90:   00007ffa255b5520 00007ffa957341f0
0x0000003c307fefa0:   000002337dfae668 00007ffab4df42d6
0x0000003c307fefb0:   00001996978a69d4 0000023300000000
0x0000003c307fefc0:   000002337dfae688 000002337dfae660
0x0000003c307fefd0:   fffffffffffffffe 0000000000000000
0x0000003c307fefe0:   0000000000000001 00007ffa95710000
0x0000003c307feff0:   0000003c307ff068 00007ffab4df41fb
0x0000003c307ff000:   0000000000000000 0000003c307ff078
0x0000003c307ff010:   0000003c307ff350 00007ffab4ed0e40
0x0000003c307ff020:   0000000000000001 00007ffab4df41b4
0x0000003c307ff030:   0000000000000000 0000000000000001
0x0000003c307ff040:   00007ffaae637140 0000003c307ff068
0x0000003c307ff050:   000000000000000d 00007ffa9573407d
0x0000003c307ff060:   00007ffa9574a008 00007ffa00000002
0x0000003c307ff070:   0000000000000002 0000003c307ff060
0x0000003c307ff080:   0000000000000000 00007ffab7389993
0x0000003c307ff090:   0000000000000000 00007ffa957341a2
0x0000003c307ff0a0:   0000000000000001 0000003c307ff300
0x0000003c307ff0b0:   0000000000000070 0000000000000000
0x0000003c307ff0c0:   00007ffaa072e3d0 0000000000000000
0x0000003c307ff0d0:   0000000000000001 00007ffaa09be670
0x0000003c307ff0e0:   00007ffa95710000 000000007ffe0384
0x0000003c307ff0f0:   0000000000000000 00007ffab7389a1d
0x0000003c307ff100:   00007ffa95710000 0000000000000000
0x0000003c307ff110:   0000000000000001 000000007ffe0385
0x0000003c307ff120:   0000000000000000 00007ffab73cf331
0x0000003c307ff130:   00008b7ead99f600 0000000000000014
0x0000003c307ff140:   00007ffa957341f0 0000000000000000
0x0000003c307ff150:   0000000000000000 0000003c2fceb000
0x0000003c307ff160:   000002337e3ef3a0 00007ffab73cf1ca
0x0000003c307ff170:   000002337e3ee8d0 00007ffa95710000 

Instructions: (pc=0x00007ffa957368a7)
0x00007ffa957367a7:   8b 4d 58 e8 8d cf ff ff 48 8b 4d 60 e8 84 cf ff
0x00007ffa957367b7:   ff 48 8b 95 80 00 00 00 48 8b 8d 18 01 00 00 e8
0x00007ffa957367c7:   76 c4 ff ff 33 d2 33 c9 e8 cc e1 ff ff 90 48 89
0x00007ffa957367d7:   54 24 10 55 48 83 ec 20 48 8b ea 48 b8 00 00 00
0x00007ffa957367e7:   00 00 00 00 00 48 83 c4 20 5d c3 cc 40 55 48 8b
0x00007ffa957367f7:   ea 48 8b 01 33 c9 81 38 05 00 00 c0 0f 94 c1 8b
0x00007ffa95736807:   c1 5d c3 cc 40 55 48 83 ec 20 48 8b ea 8a 4d 40
0x00007ffa95736817:   48 83 c4 20 5d e9 73 d3 ff ff cc 40 55 48 83 ec
0x00007ffa95736827:   20 48 8b ea 8a 4d 20 e8 61 d3 ff ff 90 48 83 c4
0x00007ffa95736837:   20 5d c3 cc 40 55 48 83 ec 20 48 8b ea 48 83 c4
0x00007ffa95736847:   20 5d e9 c2 d1 ff ff cc 40 55 48 83 ec 30 48 8b
0x00007ffa95736857:   ea 48 8b 01 8b 10 48 89 4c 24 28 89 54 24 20 4c
0x00007ffa95736867:   8d 0d 63 d6 ff ff 4c 8b 45 70 8b 55 68 48 8b 4d
0x00007ffa95736877:   60 e8 03 d1 ff ff 90 48 83 c4 30 5d c3 cc cc cc
0x00007ffa95736887:   cc cc cc cc cc cc cc cc cc 40 53 48 83 ec 20 48
0x00007ffa95736897:   8b 1d 6b 31 01 00 48 85 db 74 16 e8 89 8b ff ff
0x00007ffa957368a7:   4c 8b 00 48 8b d3 48 8b c8 41 ff 90 b0 00 00 00
0x00007ffa957368b7:   90 48 83 c4 20 5b c3 cc cc 40 53 48 83 ec 20 48
0x00007ffa957368c7:   8b 1d db 32 01 00 48 85 db 74 57 b8 ff ff ff ff
0x00007ffa957368d7:   f0 0f c1 43 10 83 f8 01 75 3d 48 85 db 74 38 48
0x00007ffa957368e7:   8b 0b 48 85 c9 74 0d ff 15 b4 09 00 00 48 c7 03
0x00007ffa957368f7:   00 00 00 00 48 8b 4b 08 48 85 c9 74 0d e8 33 ce
0x00007ffa95736907:   ff ff 48 c7 43 08 00 00 00 00 ba 18 00 00 00 48
0x00007ffa95736917:   8b cb e8 1e ce ff ff 48 c7 05 7f 32 01 00 00 00
0x00007ffa95736927:   00 00 48 83 c4 20 5b c3 cc 40 53 48 83 ec 20 48
0x00007ffa95736937:   8b 1d 4b 32 01 00 48 85 db 74 57 b8 ff ff ff ff
0x00007ffa95736947:   f0 0f c1 43 10 83 f8 01 75 3d 48 85 db 74 38 48
0x00007ffa95736957:   8b 0b 48 85 c9 74 0d ff 15 44 09 00 00 48 c7 03
0x00007ffa95736967:   00 00 00 00 48 8b 4b 08 48 85 c9 74 0d e8 c3 cd
0x00007ffa95736977:   ff ff 48 c7 43 08 00 00 00 00 ba 18 00 00 00 48
0x00007ffa95736987:   8b cb e8 ae cd ff ff 48 c7 05 ef 31 01 00 00 00
0x00007ffa95736997:   00 00 48 83 c4 20 5b c3 cc 40 53 48 83 ec 20 48 


Stack slot to memory mapping:
stack at sp + 0 slots: 0x0 is NULL
stack at sp + 1 slots: 0x000002337dfae660 points into unknown readable memory: 0xffa94ea5470a69d3 | d3 69 0a 47 a5 4e a9 ff
stack at sp + 2 slots: 0x00007ffa255b5520 jvm.dll::LogTagSetMapping<159,0,0,0,0,0>::_tagset + 0x0
stack at sp + 3 slots: 0x00007ffa957341f0 glass.dll
stack at sp + 4 slots: 0x000002337dfae668 points into unknown readable memory: 0x00001996978a69d4 | d4 69 8a 97 96 19 00 00
stack at sp + 5 slots: 0x00007ffab4df42d6 ucrtbase.dll
stack at sp + 6 slots: 0x00001996978a69d4 is an unknown value
stack at sp + 7 slots: 0x0000023300000000 points into unknown readable memory: 0x0000000000000007 | 07 00 00 00 00 00 00 00

VM_Operation (0x0000003c2fefed40): Exit, mode: safepoint, requested by thread 0x000002337ea12cd0


---------------  P R O C E S S  ---------------

Threads class SMR info:
_java_thread_list=0x0000023359579340, length=27, elements={
0x000002336f9c1040, 0x000002337d026710, 0x000002337d0272d0, 0x000002337d0385f0,
0x000002337d03b0c0, 0x000002337d03ba80, 0x000002337d03f460, 0x000002337d04b710,
0x000002337d04d120, 0x000002337d0562f0, 0x000002337d3b7e40, 0x000002337d49b950,
0x000002337d3cc710, 0x000002337ebdeab0, 0x000002337e16c690, 0x000002337e510f20,
0x000002337e70f6b0, 0x000002337e491f70, 0x000002337e494d00, 0x000002337e493dd0,
0x000002337e492480, 0x000002337e4933b0, 0x000002337e4938c0, 0x000002337ea127c0,
0x000002337ea19210, 0x000002337ea1a140, 0x000002337ea12cd0
}

Java Threads: ( => current thread )
  0x000002336f9c1040 JavaThread "main" [_thread_blocked, id=6504, stack(0x0000003c30100000,0x0000003c30200000)]
  0x000002337d026710 JavaThread "Reference Handler" daemon [_thread_blocked, id=8096, stack(0x0000003c30800000,0x0000003c30900000)]
  0x000002337d0272d0 JavaThread "Finalizer" daemon [_thread_blocked, id=17376, stack(0x0000003c30900000,0x0000003c30a00000)]
  0x000002337d0385f0 JavaThread "Signal Dispatcher" daemon [_thread_blocked, id=14556, stack(0x0000003c30a00000,0x0000003c30b00000)]
  0x000002337d03b0c0 JavaThread "Attach Listener" daemon [_thread_blocked, id=11168, stack(0x0000003c30b00000,0x0000003c30c00000)]
  0x000002337d03ba80 JavaThread "Service Thread" daemon [_thread_blocked, id=9428, stack(0x0000003c30c00000,0x0000003c30d00000)]
  0x000002337d03f460 JavaThread "Monitor Deflation Thread" daemon [_thread_blocked, id=8968, stack(0x0000003c30d00000,0x0000003c30e00000)]
  0x000002337d04b710 JavaThread "C2 CompilerThread0" daemon [_thread_blocked, id=8164, stack(0x0000003c30e00000,0x0000003c30f00000)]
  0x000002337d04d120 JavaThread "C1 CompilerThread0" daemon [_thread_blocked, id=16004, stack(0x0000003c30f00000,0x0000003c31000000)]
  0x000002337d0562f0 JavaThread "Sweeper thread" daemon [_thread_blocked, id=540, stack(0x0000003c31000000,0x0000003c31100000)]
  0x000002337d3b7e40 JavaThread "Common-Cleaner" daemon [_thread_blocked, id=16128, stack(0x0000003c31100000,0x0000003c31200000)]
  0x000002337d49b950 JavaThread "Monitor Ctrl-Break" daemon [_thread_in_native, id=9508, stack(0x0000003c31400000,0x0000003c31500000)]
  0x000002337d3cc710 JavaThread "Notification Thread" daemon [_thread_blocked, id=11680, stack(0x0000003c31500000,0x0000003c31600000)]
  0x000002337ebdeab0 JavaThread "QuantumRenderer-0" daemon [_thread_blocked, id=16404, stack(0x0000003c31700000,0x0000003c31800000)]
  0x000002337e16c690 JavaThread "InvokeLaterDispatcher" daemon [_thread_blocked, id=4244, stack(0x0000003c31800000,0x0000003c31900000)]
  0x000002337e510f20 JavaThread "JavaFX Application Thread" [_thread_in_native, id=6564, stack(0x0000003c31900000,0x0000003c31a00000)]
  0x000002337e70f6b0 JavaThread "RMI TCP Accept-0" daemon [_thread_in_native, id=6364, stack(0x0000003c31a00000,0x0000003c31b00000)]
  0x000002337e491f70 JavaThread "RMI TCP Connection(1)-192.168.227.1" daemon [_thread_blocked, id=12856, stack(0x0000003c32700000,0x0000003c32800000)]
  0x000002337e494d00 JavaThread "JavaFX-Launcher" [_thread_blocked, id=16520, stack(0x0000003c32800000,0x0000003c32900000)]
  0x000002337e493dd0 JavaThread "Thread-2" daemon [_thread_in_native, id=7088, stack(0x0000003c32600000,0x0000003c32700000)]
  0x000002337e492480 JavaThread "RMI Scheduler(0)" daemon [_thread_blocked, id=10704, stack(0x0000003c32900000,0x0000003c32a00000)]
  0x000002337e4933b0 JavaThread "JMX server connection timeout 26" daemon [_thread_blocked, id=6140, stack(0x0000003c32a00000,0x0000003c32b00000)]
  0x000002337e4938c0 JavaThread "mysql-cj-abandoned-connection-cleanup" daemon [_thread_blocked, id=14168, stack(0x0000003c32b00000,0x0000003c32c00000)]
  0x000002337ea127c0 JavaThread "HttpClient-1-SelectorManager" daemon [_thread_blocked, id=15672, stack(0x0000003c32c00000,0x0000003c32d00000)]
  0x000002337ea19210 JavaThread "Prism Font Disposer" daemon [_thread_blocked, id=7552, stack(0x0000003c32d00000,0x0000003c32e00000)]
  0x000002337ea1a140 JavaThread "Cleaner-0" daemon [_thread_blocked, id=15516, stack(0x0000003c33500000,0x0000003c33600000)]
  0x000002337ea12cd0 JavaThread "SIGINT handler" daemon [_thread_blocked, id=16648, stack(0x0000003c2fe00000,0x0000003c2ff00000)]

Other Threads:
=>0x000002337d023870 VMThread "VM Thread" [stack: 0x0000003c30700000,0x0000003c30800000] [id=16776]
  0x000002336fa184c0 GCTaskThread "GC Thread#0" [stack: 0x0000003c30200000,0x0000003c30300000] [id=10932]
  0x000002337e3ebed0 GCTaskThread "GC Thread#1" [stack: 0x0000003c31e00000,0x0000003c31f00000] [id=10568]
  0x000002337e3ec710 GCTaskThread "GC Thread#2" [stack: 0x0000003c31f00000,0x0000003c32000000] [id=15880]
  0x000002337e3ec450 GCTaskThread "GC Thread#3" [stack: 0x0000003c32000000,0x0000003c32100000] [id=12640]
  0x000002337e3ed4d0 GCTaskThread "GC Thread#4" [stack: 0x0000003c32100000,0x0000003c32200000] [id=16420]
  0x000002337e3ec9d0 GCTaskThread "GC Thread#5" [stack: 0x0000003c32200000,0x0000003c32300000] [id=16480]
  0x000002337e3eb950 GCTaskThread "GC Thread#6" [stack: 0x0000003c32300000,0x0000003c32400000] [id=6792]
  0x000002337e3ec190 GCTaskThread "GC Thread#7" [stack: 0x0000003c32400000,0x0000003c32500000] [id=11096]
  0x000002336fa25250 ConcurrentGCThread "G1 Main Marker" terminated
  0x000002336fa25c70 ConcurrentGCThread "G1 Conc#0" [stack: 0x0000003c30400000,0x0000003c30500000] [id=3584]
  0x000002337e3ecc90 ConcurrentGCThread "G1 Conc#1" [stack: 0x0000003c32e00000,0x0000003c32f00000] [id=11980]
  0x000002336fa784b0 ConcurrentGCThread "G1 Refine#0" terminated
  0x000002337e44f0e0 ConcurrentGCThread "G1 Refine#1" terminated
  0x000002337cee30d0 ConcurrentGCThread "G1 Service" terminated

Threads with active compile tasks:

VM state: at safepoint (shutting down)

VM Mutex/Monitor currently owned by a thread:  ([mutex/lock_event])
[0x000002336f9bbb40] Threads_lock - owner thread: 0x000002337d023870
[0x000002336f9ba9d0] Heap_lock - owner thread: 0x000002337ea12cd0

Heap address: 0x0000000741c00000, size: 3044 MB, Compressed Oops mode: Zero based, Oop shift amount: 3

CDS archive(s) mapped at: [0x000002330f000000-0x000002330fc00000-0x000002330fc00000), size 12582912, SharedBaseAddress: 0x000002330f000000, ArchiveRelocationMode: 1.
Compressed class space mapped at: 0x0000023310000000-0x0000023350000000, reserved size: 1073741824
Narrow klass base: 0x000002330f000000, Narrow klass shift: 0, Narrow klass range: 0x100000000

GC Precious Log:
 CPUs: 8 total, 8 available
 Memory: 12174M
 Large Page Support: Disabled
 NUMA Support: Disabled
 Compressed Oops: Enabled (Zero based)
 Heap Region Size: 2M
 Heap Min Capacity: 8M
 Heap Initial Capacity: 192M
 Heap Max Capacity: 3044M
 Pre-touch: Disabled
 Parallel Workers: 8
 Concurrent Workers: 2
 Concurrent Refinement Workers: 8
 Periodic GC: Disabled

Heap:
 garbage-first heap   total 61440K, used 29409K [0x0000000741c00000, 0x0000000800000000)
  region size 2048K, 7 young (14336K), 1 survivors (2048K)
 Metaspace       used 30774K, committed 31104K, reserved 1114112K
  class space    used 4074K, committed 4224K, reserved 1048576K

Heap Regions: E=young(eden), S=young(survivor), O=old, HS=humongous(starts), HC=humongous(continues), CS=collection set, F=free, OA=open archive, CA=closed archive, TAMS=top-at-mark-start (previous, next)
|   0|0x0000000741c00000, 0x0000000741e00000, 0x0000000741e00000|100%| O|  |TAMS 0x0000000741e00000, 0x0000000741c00000| Untracked 
|   1|0x0000000741e00000, 0x0000000742000000, 0x0000000742000000|100%| O|  |TAMS 0x0000000742000000, 0x0000000741e00000| Untracked 
|   2|0x0000000742000000, 0x0000000742200000, 0x0000000742200000|100%| O|  |TAMS 0x0000000742200000, 0x0000000742000000| Untracked 
|   3|0x0000000742200000, 0x0000000742400000, 0x0000000742400000|100%| O|  |TAMS 0x000000074227ca00, 0x0000000742200000| Untracked 
|   4|0x0000000742400000, 0x0000000742600000, 0x0000000742600000|100%|HS|  |TAMS 0x0000000742600000, 0x0000000742400000| Complete 
|   5|0x0000000742600000, 0x0000000742600000, 0x0000000742800000|  0%| F|  |TAMS 0x0000000742600000, 0x0000000742600000| Untracked 
|   6|0x0000000742800000, 0x0000000742a00000, 0x0000000742a00000|100%|HS|  |TAMS 0x0000000742800000, 0x0000000742800000| Complete 
|   7|0x0000000742a00000, 0x0000000742c00000, 0x0000000742c00000|100%| O|  |TAMS 0x0000000742a00000, 0x0000000742a00000| Untracked 
|   8|0x0000000742c00000, 0x0000000742e00000, 0x0000000742e00000|100%| O|  |TAMS 0x0000000742c00000, 0x0000000742c00000| Untracked 
|   9|0x0000000742e00000, 0x0000000743000000, 0x0000000743000000|100%| O|  |TAMS 0x0000000742e00000, 0x0000000742e00000| Untracked 
|  10|0x0000000743000000, 0x0000000743000000, 0x0000000743200000|  0%| F|  |TAMS 0x0000000743000000, 0x0000000743000000| Untracked 
|  11|0x0000000743200000, 0x0000000743200000, 0x0000000743400000|  0%| F|  |TAMS 0x0000000743200000, 0x0000000743200000| Untracked 
|  12|0x0000000743400000, 0x0000000743400000, 0x0000000743600000|  0%| F|  |TAMS 0x0000000743400000, 0x0000000743400000| Untracked 
|  13|0x0000000743600000, 0x0000000743600000, 0x0000000743800000|  0%| F|  |TAMS 0x0000000743600000, 0x0000000743600000| Untracked 
|  14|0x0000000743800000, 0x0000000743981e00, 0x0000000743a00000| 75%| O|  |TAMS 0x0000000743800000, 0x0000000743800000| Untracked 
|  15|0x0000000743a00000, 0x0000000743a00000, 0x0000000743c00000|  0%| F|  |TAMS 0x0000000743a00000, 0x0000000743a00000| Untracked 
|  16|0x0000000743c00000, 0x0000000743c00000, 0x0000000743e00000|  0%| F|  |TAMS 0x0000000743c00000, 0x0000000743c00000| Untracked 
|  17|0x0000000743e00000, 0x0000000743e00000, 0x0000000744000000|  0%| F|  |TAMS 0x0000000743e00000, 0x0000000743e00000| Untracked 
|  18|0x0000000744000000, 0x0000000744000000, 0x0000000744200000|  0%| F|  |TAMS 0x0000000744000000, 0x0000000744000000| Untracked 
|  19|0x0000000744200000, 0x0000000744200000, 0x0000000744400000|  0%| F|  |TAMS 0x0000000744200000, 0x0000000744200000| Untracked 
|  20|0x0000000744400000, 0x0000000744400000, 0x0000000744600000|  0%| F|  |TAMS 0x0000000744400000, 0x0000000744400000| Untracked 
|  21|0x0000000744600000, 0x0000000744600000, 0x0000000744800000|  0%| F|  |TAMS 0x0000000744600000, 0x0000000744600000| Untracked 
|  22|0x0000000744800000, 0x0000000744800000, 0x0000000744a00000|  0%| F|  |TAMS 0x0000000744800000, 0x0000000744800000| Untracked 
|  23|0x0000000744a00000, 0x0000000744b30288, 0x0000000744c00000| 59%| E|  |TAMS 0x0000000744a00000, 0x0000000744a00000| Complete 
|  24|0x0000000744c00000, 0x0000000744e00000, 0x0000000744e00000|100%| E|CS|TAMS 0x0000000744c00000, 0x0000000744c00000| Complete 
|  25|0x0000000744e00000, 0x0000000745000000, 0x0000000745000000|100%| E|CS|TAMS 0x0000000744e00000, 0x0000000744e00000| Complete 
|  26|0x0000000745000000, 0x0000000745200000, 0x0000000745200000|100%| E|CS|TAMS 0x0000000745000000, 0x0000000745000000| Complete 
|  81|0x000000074be00000, 0x000000074c000000, 0x000000074c000000|100%| E|CS|TAMS 0x000000074be00000, 0x000000074be00000| Complete 
|  83|0x000000074c200000, 0x000000074c336640, 0x000000074c400000| 60%| S|CS|TAMS 0x000000074c200000, 0x000000074c200000| Complete 
|  95|0x000000074da00000, 0x000000074dc00000, 0x000000074dc00000|100%| E|  |TAMS 0x000000074da00000, 0x000000074da00000| Complete 

Card table byte_map: [0x0000023373ae0000,0x00000233740e0000] _byte_map_base: 0x00000233700d2000

Marking Bits (Prev, Next): (CMBitMap*) 0x000002336fa18b20, (CMBitMap*) 0x000002336fa18ae0
 Prev Bits: [0x0000023377670000, 0x000002337a600000)
 Next Bits: [0x00000233746e0000, 0x0000023377670000)

Polling page: 0x000002336d980000

Metaspace:

Usage:
  Non-class:     26.07 MB used.
      Class:      3.98 MB used.
       Both:     30.05 MB used.

Virtual space:
  Non-class space:       64.00 MB reserved,      26.25 MB ( 41%) committed,  1 nodes.
      Class space:        1.00 GB reserved,       4.12 MB ( <1%) committed,  1 nodes.
             Both:        1.06 GB reserved,      30.38 MB (  3%) committed. 

Chunk freelists:
   Non-Class:  5.66 MB
       Class:  11.72 MB
        Both:  17.38 MB

MaxMetaspaceSize: unlimited
CompressedClassSpaceSize: 1.00 GB
Initial GC threshold: 21.00 MB
Current GC threshold: 35.12 MB
CDS: on
MetaspaceReclaimPolicy: balanced
 - commit_granule_bytes: 65536.
 - commit_granule_words: 8192.
 - virtual_space_node_default_size: 8388608.
 - enlarge_chunks_in_place: 1.
 - new_chunks_are_fully_committed: 0.
 - uncommit_free_chunks: 1.
 - use_allocation_guard: 0.
 - handle_deallocations: 1.


Internal statistics:

num_allocs_failed_limit: 3.
num_arena_births: 360.
num_arena_deaths: 0.
num_vsnodes_births: 2.
num_vsnodes_deaths: 0.
num_space_committed: 486.
num_space_uncommitted: 0.
num_chunks_returned_to_freelist: 3.
num_chunks_taken_from_freelist: 1178.
num_chunk_merges: 3.
num_chunk_splits: 795.
num_chunks_enlarged: 559.
num_inconsistent_stats: 0.

CodeHeap 'non-profiled nmethods': size=120000Kb used=1912Kb max_used=1912Kb free=118087Kb
 bounds [0x0000023307ad0000, 0x0000023307d40000, 0x000002330f000000]
CodeHeap 'profiled nmethods': size=120000Kb used=9076Kb max_used=9076Kb free=110924Kb
 bounds [0x0000023300000000, 0x00000233008e0000, 0x0000023307530000]
CodeHeap 'non-nmethods': size=5760Kb used=1530Kb max_used=1603Kb free=4230Kb
 bounds [0x0000023307530000, 0x00000233077a0000, 0x0000023307ad0000]
 total_blobs=5391 nmethods=4477 adapters=825
 compilation: enabled
              stopped_count=0, restarted_count=0
 full_count=0

Compilation events (20 events):
Event: 199.268 Thread 0x000002337d04d120 4471       3       javax.management.openmbean.CompositeDataSupport::makeMap (155 bytes)
Event: 199.270 Thread 0x000002337d04d120 nmethod 4471 0x00000233008d5f90 code [0x00000233008d6240, 0x00000233008d6eb8]
Event: 199.270 Thread 0x000002337d04d120 4472       3       javax.management.openmbean.CompositeDataSupport::<init> (215 bytes)
Event: 199.274 Thread 0x000002337d04d120 nmethod 4472 0x00000233008d7390 code [0x00000233008d7800, 0x00000233008d9d08]
Event: 199.274 Thread 0x000002337d04d120 4470       3       javax.management.openmbean.CompositeDataSupport::<init> (11 bytes)
Event: 199.274 Thread 0x000002337d04d120 nmethod 4470 0x00000233008da990 code [0x00000233008dab40, 0x00000233008dacb8]
Event: 199.274 Thread 0x000002337d04d120 4473       3       javax.management.openmbean.CompositeType::keySet (26 bytes)
Event: 199.275 Thread 0x000002337d04d120 nmethod 4473 0x00000233008dad90 code [0x00000233008daf80, 0x00000233008db5b8]
Event: 201.352 Thread 0x000002337d04b710 4474       4       java.io.Bits::getInt (43 bytes)
Event: 201.354 Thread 0x000002337d04b710 nmethod 4474 0x0000023307cacb10 code [0x0000023307cacc80, 0x0000023307cacd78]
Event: 201.354 Thread 0x000002337d04b710 4475       4       java.io.ObjectInputStream$BlockDataInputStream::peek (55 bytes)
Event: 201.360 Thread 0x000002337d04b710 nmethod 4475 0x0000023307cace90 code [0x0000023307cad020, 0x0000023307cad528]
Event: 207.551 Thread 0x000002337d04d120 4476   !   3       jdk.internal.reflect.GeneratedMethodAccessor14::invoke (64 bytes)
Event: 207.551 Thread 0x000002337d04b710 4478       4       java.util.TreeMap$EntryIterator::next (5 bytes)
Event: 207.551 Thread 0x000002337d04d120 nmethod 4476 0x00000233008db810 code [0x00000233008dba20, 0x00000233008dc0d8]
Event: 207.551 Thread 0x000002337d04d120 4477   !   3       jdk.internal.reflect.GeneratedMethodAccessor15::invoke (64 bytes)
Event: 207.552 Thread 0x000002337d04d120 nmethod 4477 0x00000233008dc410 code [0x00000233008dc620, 0x00000233008dccd8]
Event: 207.556 Thread 0x000002337d04b710 nmethod 4478 0x0000023307cad790 code [0x0000023307cad920, 0x0000023307cadc78]
Event: 208.581 Thread 0x000002337d04b710 4479       4       java.util.Arrays::fill (21 bytes)
Event: 208.586 Thread 0x000002337d04b710 nmethod 4479 0x0000023307cade10 code [0x0000023307cadf80, 0x0000023307cae0f8]

GC Heap History (10 events):
Event: 0.670 GC heap before
{Heap before GC invocations=0 (full 0):
 garbage-first heap   total 196608K, used 20480K [0x0000000741c00000, 0x0000000800000000)
  region size 2048K, 11 young (22528K), 0 survivors (0K)
 Metaspace       used 7241K, committed 7424K, reserved 1114112K
  class space    used 834K, committed 896K, reserved 1048576K
}
Event: 0.677 GC heap after
{Heap after GC invocations=1 (full 0):
 garbage-first heap   total 196608K, used 6464K [0x0000000741c00000, 0x0000000800000000)
  region size 2048K, 2 young (4096K), 2 survivors (4096K)
 Metaspace       used 7241K, committed 7424K, reserved 1114112K
  class space    used 834K, committed 896K, reserved 1048576K
}
Event: 1.340 GC heap before
{Heap before GC invocations=1 (full 0):
 garbage-first heap   total 196608K, used 26944K [0x0000000741c00000, 0x0000000800000000)
  region size 2048K, 12 young (24576K), 2 survivors (4096K)
 Metaspace       used 15510K, committed 15744K, reserved 1114112K
  class space    used 1796K, committed 1920K, reserved 1048576K
}
Event: 1.348 GC heap after
{Heap after GC invocations=2 (full 0):
 garbage-first heap   total 196608K, used 9858K [0x0000000741c00000, 0x0000000800000000)
  region size 2048K, 2 young (4096K), 2 survivors (4096K)
 Metaspace       used 15510K, committed 15744K, reserved 1114112K
  class space    used 1796K, committed 1920K, reserved 1048576K
}
Event: 2.079 GC heap before
{Heap before GC invocations=2 (full 0):
 garbage-first heap   total 196608K, used 32386K [0x0000000741c00000, 0x0000000800000000)
  region size 2048K, 13 young (26624K), 2 survivors (4096K)
 Metaspace       used 21261K, committed 21504K, reserved 1114112K
  class space    used 2642K, committed 2752K, reserved 1048576K
}
Event: 2.086 GC heap after
{Heap after GC invocations=3 (full 0):
 garbage-first heap   total 196608K, used 15161K [0x0000000741c00000, 0x0000000800000000)
  region size 2048K, 2 young (4096K), 2 survivors (4096K)
 Metaspace       used 21261K, committed 21504K, reserved 1114112K
  class space    used 2642K, committed 2752K, reserved 1048576K
}
Event: 9.014 GC heap before
{Heap before GC invocations=4 (full 0):
 garbage-first heap   total 61440K, used 43833K [0x0000000741c00000, 0x0000000800000000)
  region size 2048K, 16 young (32768K), 2 survivors (4096K)
 Metaspace       used 27835K, committed 28096K, reserved 1114112K
  class space    used 3756K, committed 3904K, reserved 1048576K
}
Event: 9.019 GC heap after
{Heap after GC invocations=5 (full 0):
 garbage-first heap   total 61440K, used 20607K [0x0000000741c00000, 0x0000000800000000)
  region size 2048K, 4 young (8192K), 4 survivors (8192K)
 Metaspace       used 27835K, committed 28096K, reserved 1114112K
  class space    used 3756K, committed 3904K, reserved 1048576K
}
Event: 9.711 GC heap before
{Heap before GC invocations=5 (full 0):
 garbage-first heap   total 61440K, used 22655K [0x0000000741c00000, 0x0000000800000000)
  region size 2048K, 5 young (10240K), 4 survivors (8192K)
 Metaspace       used 28301K, committed 28672K, reserved 1114112K
  class space    used 3808K, committed 3968K, reserved 1048576K
}
Event: 9.717 GC heap after
{Heap after GC invocations=6 (full 0):
 garbage-first heap   total 61440K, used 21217K [0x0000000741c00000, 0x0000000800000000)
  region size 2048K, 1 young (2048K), 1 survivors (2048K)
 Metaspace       used 28301K, committed 28672K, reserved 1114112K
  class space    used 3808K, committed 3968K, reserved 1048576K
}

Dll operation events (4 events):
Event: 0.009 Loaded shared library C:\Users\BCS\.jdks\jbr-17.0.12\bin\java.dll
Event: 0.030 Loaded shared library C:\Users\BCS\.jdks\jbr-17.0.12\bin\jsvml.dll
Event: 0.198 Loaded shared library C:\Users\BCS\.jdks\jbr-17.0.12\bin\zip.dll
Event: 8.997 Loaded shared library C:\Users\BCS\.jdks\jbr-17.0.12\bin\verify.dll

Deoptimization events (20 events):
Event: 9.038 Thread 0x000002337e510f20 Uncommon trap: trap_request=0xffffff45 fr.pc=0x0000023307afbbec relative=0x000000000000044c
Event: 9.038 Thread 0x000002337e510f20 Uncommon trap: reason=unstable_if action=reinterpret pc=0x0000023307afbbec method=java.lang.AbstractStringBuilder.isLatin1()Z @ 10 c2
Event: 9.038 Thread 0x000002337e510f20 DEOPT PACKING pc=0x0000023307afbbec sp=0x0000003c319f9e00
Event: 9.038 Thread 0x000002337e510f20 DEOPT UNPACKING pc=0x00000233075869a3 sp=0x0000003c319f9d80 mode 2
Event: 13.752 Thread 0x000002337e510f20 Uncommon trap: trap_request=0xffffff45 fr.pc=0x0000023307b672f4 relative=0x00000000000006b4
Event: 13.752 Thread 0x000002337e510f20 Uncommon trap: reason=unstable_if action=reinterpret pc=0x0000023307b672f4 method=java.lang.AbstractStringBuilder.append(Ljava/lang/String;)Ljava/lang/AbstractStringBuilder; @ 1 c2
Event: 13.752 Thread 0x000002337e510f20 DEOPT PACKING pc=0x0000023307b672f4 sp=0x0000003c319fa300
Event: 13.753 Thread 0x000002337e510f20 DEOPT UNPACKING pc=0x00000233075869a3 sp=0x0000003c319fa280 mode 2
Event: 19.059 Thread 0x000002337e510f20 Uncommon trap: trap_request=0xffffff45 fr.pc=0x0000023307b68024 relative=0x00000000000006e4
Event: 19.059 Thread 0x000002337e510f20 Uncommon trap: reason=unstable_if action=reinterpret pc=0x0000023307b68024 method=java.lang.AbstractStringBuilder.append(Ljava/lang/String;)Ljava/lang/AbstractStringBuilder; @ 1 c2
Event: 19.059 Thread 0x000002337e510f20 DEOPT PACKING pc=0x0000023307b68024 sp=0x0000003c319fa300
Event: 19.059 Thread 0x000002337e510f20 DEOPT UNPACKING pc=0x00000233075869a3 sp=0x0000003c319fa2d8 mode 2
Event: 19.488 Thread 0x000002337e510f20 Uncommon trap: trap_request=0xffffffe4 fr.pc=0x0000023307b77338 relative=0x0000000000000498
Event: 19.489 Thread 0x000002337e510f20 Uncommon trap: reason=range_check action=make_not_entrant pc=0x0000023307b77338 method=sun.security.util.DerValue.<init>([BIIZZ)V @ 83 c2
Event: 19.489 Thread 0x000002337e510f20 DEOPT PACKING pc=0x0000023307b77338 sp=0x0000003c319f9570
Event: 19.489 Thread 0x000002337e510f20 DEOPT UNPACKING pc=0x00000233075869a3 sp=0x0000003c319f9500 mode 2
Event: 29.967 Thread 0x000002337e510f20 Uncommon trap: trap_request=0xffffff45 fr.pc=0x0000023307c28a50 relative=0x0000000000000130
Event: 29.967 Thread 0x000002337e510f20 Uncommon trap: reason=unstable_if action=reinterpret pc=0x0000023307c28a50 method=com.sun.javafx.text.TextRun.getPosX(I)F @ 75 c2
Event: 29.967 Thread 0x000002337e510f20 DEOPT PACKING pc=0x0000023307c28a50 sp=0x0000003c319f7ab0
Event: 29.967 Thread 0x000002337e510f20 DEOPT UNPACKING pc=0x00000233075869a3 sp=0x0000003c319f7a48 mode 2

Classes loaded (20 events):
Event: 19.508 Loading class javax/net/ssl/SSLEngineResult$HandshakeStatus
Event: 19.508 Loading class javax/net/ssl/SSLEngineResult$HandshakeStatus done
Event: 19.508 Loading class jdk/internal/event/TLSHandshakeEvent
Event: 19.508 Loading class jdk/internal/event/TLSHandshakeEvent done
Event: 19.703 Loading class sun/security/ssl/PostHandshakeContext
Event: 19.703 Loading class sun/security/ssl/PostHandshakeContext done
Event: 19.703 Loading class sun/security/ssl/NewSessionTicket$T13NewSessionTicketMessage
Event: 19.704 Loading class sun/security/ssl/NewSessionTicket$NewSessionTicketMessage
Event: 19.704 Loading class sun/security/ssl/NewSessionTicket$NewSessionTicketMessage done
Event: 19.704 Loading class sun/security/ssl/NewSessionTicket$T13NewSessionTicketMessage done
Event: 21.272 Loading class sun/security/ssl/Alert
Event: 21.273 Loading class sun/security/ssl/Alert done
Event: 21.273 Loading class sun/security/ssl/Alert$AlertConsumer
Event: 21.273 Loading class sun/security/ssl/Alert$AlertConsumer done
Event: 21.274 Loading class sun/security/ssl/Alert$Level
Event: 21.274 Loading class sun/security/ssl/Alert$Level done
Event: 33.306 Loading class java/text/StringCharacterIterator
Event: 33.306 Loading class java/text/StringCharacterIterator done
Event: 214.519 Loading class jdk/internal/misc/Signal$1
Event: 214.520 Loading class jdk/internal/misc/Signal$1 done

Classes unloaded (0 events):
No events

Classes redefined (0 events):
No events

Internal exceptions (20 events):
Event: 2.608 Thread 0x000002337e510f20 Implicit null exception at 0x0000023307b9fa0f to 0x0000023307b9fdc0
Event: 2.608 Thread 0x000002337e510f20 Implicit null exception at 0x0000023307aeda0f to 0x0000023307aeda89
Event: 2.851 Thread 0x000002337e510f20 Exception <a 'java/lang/NoSuchMethodError'{0x0000000743e9ff80}: 'long java.lang.invoke.DirectMethodHandle$Holder.invokeStatic(java.lang.Object, java.lang.Object, java.lang.Object)'> (0x0000000743e9ff80) 
thrown [s\src\hotspot\share\interpreter\linkResolver.cpp, line 771]
Event: 2.852 Thread 0x000002337e510f20 Exception <a 'java/lang/NoSuchMethodError'{0x0000000743ea3728}: 'long java.lang.invoke.DirectMethodHandle$Holder.invokeStaticInit(java.lang.Object, java.lang.Object, java.lang.Object)'> (0x0000000743ea3728) 
thrown [s\src\hotspot\share\interpreter\linkResolver.cpp, line 771]
Event: 2.855 Thread 0x000002337e510f20 Exception <a 'java/lang/NoSuchMethodError'{0x0000000743ebb310}: 'java.lang.Object java.lang.invoke.DirectMethodHandle$Holder.newInvokeSpecial(java.lang.Object, java.lang.Object, long)'> (0x0000000743ebb310) 
thrown [s\src\hotspot\share\interpreter\linkResolver.cpp, line 771]
Event: 2.874 Thread 0x000002337ebdeab0 Exception <a 'java/lang/NoSuchMethodError'{0x0000000743fa7c60}: 'java.lang.Object java.lang.invoke.DirectMethodHandle$Holder.invokeStaticInit(java.lang.Object, int)'> (0x0000000743fa7c60) 
thrown [s\src\hotspot\share\interpreter\linkResolver.cpp, line 771]
Event: 4.354 Thread 0x000002337e510f20 Exception <a 'java/lang/NoSuchMethodError'{0x0000000743b698d8}: 'java.lang.Object java.lang.invoke.DirectMethodHandle$Holder.newInvokeSpecial(java.lang.Object, java.lang.Object, java.lang.Object, java.lang.Object, java.lang.Object, java.lang.Object, java.lang.Object)'> (0x0000000743b698d8) 
thrown [s\src\hotspot\share\interpreter\linkResolver.cpp, line 771]
Event: 4.354 Thread 0x000002337e510f20 Exception <a 'java/lang/NoSuchMethodError'{0x0000000743b6e058}: 'java.lang.Object java.lang.invoke.Invokers$Holder.linkToTargetMethod(java.lang.Object, java.lang.Object, java.lang.Object, java.lang.Object, java.lang.Object, java.lang.Object, java.lang.Object)'> (0x0000000743b6e058) 
thrown [s\src\hotspot\share\interpreter\linkResolver.cpp, line 771]
Event: 9.001 Thread 0x000002337e510f20 Exception <a 'java/io/FileNotFoundException'{0x00000007439a83d8}> (0x00000007439a83d8) 
thrown [s\src\hotspot\share\prims\jni.cpp, line 531]
Event: 9.007 Thread 0x000002337e510f20 Exception <a 'java/io/FileNotFoundException'{0x00000007439cb278}> (0x00000007439cb278) 
thrown [s\src\hotspot\share\prims\jni.cpp, line 531]
Event: 9.061 Thread 0x000002337e510f20 Exception <a 'java/io/FileNotFoundException'{0x000000074dbaa858}> (0x000000074dbaa858) 
thrown [s\src\hotspot\share\prims\jni.cpp, line 531]
Event: 9.061 Thread 0x000002337e510f20 Exception <a 'java/io/FileNotFoundException'{0x000000074dbab898}> (0x000000074dbab898) 
thrown [s\src\hotspot\share\prims\jni.cpp, line 531]
Event: 13.752 Thread 0x000002337e510f20 Implicit null exception at 0x0000023307b66c72 to 0x0000023307b672dc
Event: 19.059 Thread 0x000002337e510f20 Implicit null exception at 0x0000023307b67972 to 0x0000023307b6800c
Event: 21.303 Thread 0x000002337e510f20 Exception <a 'java/lang/NoSuchMethodError'{0x000000074bfe2598}: 'java.lang.Object java.lang.invoke.DirectMethodHandle$Holder.newInvokeSpecial(java.lang.Object, java.lang.Object, java.lang.Object, java.lang.Object, java.lang.Object, java.lang.Object, java.lang.Object, java.lang.Object, java.lang.Object)'> (0x000000074bfe2598) 
thrown [s\src\hotspot\share\interpreter\linkResolver.cpp, line 771]
Event: 21.303 Thread 0x000002337e510f20 Exception <a 'java/lang/NoSuchMethodError'{0x000000074bfe7ca0}: 'java.lang.Object java.lang.invoke.DirectMethodHandle$Holder.invokeSpecial(java.lang.Object, java.lang.Object, java.lang.Object, java.lang.Object, java.lang.Object, java.lang.Object, java.lang.Object, java.lang.Object, java.lang.Object, java.lang.Object)'> (0x000000074bfe7ca0) 
thrown [s\src\hotspot\share\interpreter\linkResolver.cpp, line 771]
Event: 21.304 Thread 0x000002337e510f20 Exception <a 'java/lang/NoSuchMethodError'{0x000000074bfec7b8}: 'java.lang.Object java.lang.invoke.Invokers$Holder.linkToTargetMethod(java.lang.Object, java.lang.Object, java.lang.Object, java.lang.Object, java.lang.Object, java.lang.Object, java.lang.Object, java.lang.Object, java.lang.Object)'> (0x000000074bfec7b8) 
thrown [s\src\hotspot\share\interpreter\linkResolver.cpp, line 771]
Event: 33.904 Thread 0x000002337e510f20 Exception <a 'java/lang/NoSuchMethodError'{0x00000007451c36b8}: 'java.lang.Object java.lang.invoke.DirectMethodHandle$Holder.newInvokeSpecial(java.lang.Object, java.lang.Object, int, int, int, int, int, java.lang.Object)'> (0x00000007451c36b8) 
thrown [s\src\hotspot\share\interpreter\linkResolver.cpp, line 771]
Event: 33.906 Thread 0x000002337e510f20 Exception <a 'java/lang/NoSuchMethodError'{0x00000007451d6e90}: 'java.lang.Object java.lang.invoke.DirectMethodHandle$Holder.newInvokeSpecial(java.lang.Object, java.lang.Object, java.lang.Object, int, int, int, int, int)'> (0x00000007451d6e90) 
thrown [s\src\hotspot\share\interpreter\linkResolver.cpp, line 771]
Event: 33.906 Thread 0x000002337e510f20 Exception <a 'java/lang/NoSuchMethodError'{0x00000007451df190}: 'java.lang.Object java.lang.invoke.Invokers$Holder.linkToTargetMethod(java.lang.Object, java.lang.Object, int, int, int, int, int, java.lang.Object)'> (0x00000007451df190) 
thrown [s\src\hotspot\share\interpreter\linkResolver.cpp, line 771]

VM Operations (20 events):
Event: 130.214 Executing VM operation: Cleanup done
Event: 133.216 Executing VM operation: Cleanup
Event: 133.216 Executing VM operation: Cleanup done
Event: 134.217 Executing VM operation: Cleanup
Event: 134.217 Executing VM operation: Cleanup done
Event: 147.222 Executing VM operation: Cleanup
Event: 147.222 Executing VM operation: Cleanup done
Event: 178.239 Executing VM operation: Cleanup
Event: 178.239 Executing VM operation: Cleanup done
Event: 179.239 Executing VM operation: Cleanup
Event: 179.239 Executing VM operation: Cleanup done
Event: 180.240 Executing VM operation: Cleanup
Event: 180.240 Executing VM operation: Cleanup done
Event: 181.240 Executing VM operation: Cleanup
Event: 181.240 Executing VM operation: Cleanup done
Event: 200.248 Executing VM operation: Cleanup
Event: 200.248 Executing VM operation: Cleanup done
Event: 209.252 Executing VM operation: Cleanup
Event: 209.252 Executing VM operation: Cleanup done
Event: 214.523 Executing VM operation: Exit

Events (20 events):
Event: 0.776 Thread 0x000002337e4933b0 Thread added: 0x000002337e4933b0
Event: 0.781 Thread 0x000002337e4938c0 Thread added: 0x000002337e4938c0
Event: 1.473 Loaded shared library C:\Users\BCS\.jdks\jbr-17.0.12\bin\sunmscapi.dll
Event: 1.566 Thread 0x000002337ea127c0 Thread added: 0x000002337ea127c0
Event: 1.886 Loaded shared library C:\Program Files\javafx-sdk-17.0.14\bin\javafx_font.dll
Event: 1.917 Thread 0x000002337ea19210 Thread added: 0x000002337ea19210
Event: 2.922 Thread 0x000002337ea1a140 Thread added: 0x000002337ea1a140
Event: 3.204 Thread 0x000002337d441db0 Thread exited: 0x000002337d441db0
Event: 3.205 Thread 0x000002337d441890 Thread exited: 0x000002337d441890
Event: 8.997 Thread 0x000002337db036c0 Thread added: 0x000002337db036c0
Event: 9.690 Thread 0x000002337db036c0 Thread exited: 0x000002337db036c0
Event: 19.138 Thread 0x000002335c26d220 Thread added: 0x000002335c26d220
Event: 19.303 Thread 0x000002335c26d220 Thread exited: 0x000002335c26d220
Event: 19.311 Thread 0x000002335973d020 Thread added: 0x000002335973d020
Event: 19.479 Thread 0x000002335973d020 Thread exited: 0x000002335973d020
Event: 214.520 Thread 0x000002337ea12cd0 Thread added: 0x000002337ea12cd0
Event: 214.520 Thread 0x000002337ea13c00 Thread added: 0x000002337ea13c00
Event: 214.520 Thread 0x000002337ea19720 Thread added: 0x000002337ea19720
Event: 214.521 Thread 0x000002337ea19720 Thread exited: 0x000002337ea19720
Event: 214.523 Thread 0x000002337ea13c00 Thread exited: 0x000002337ea13c00


Dynamic libraries:
0x00007ff657ff0000 - 0x00007ff657ffa000 	C:\Users\BCS\.jdks\jbr-17.0.12\bin\java.exe
0x00007ffab7370000 - 0x00007ffab7568000 	C:\WINDOWS\SYSTEM32\ntdll.dll
0x00007ffab5f40000 - 0x00007ffab6002000 	C:\WINDOWS\System32\KERNEL32.DLL
0x00007ffab4ee0000 - 0x00007ffab51d6000 	C:\WINDOWS\System32\KERNELBASE.dll
0x00007ffab4de0000 - 0x00007ffab4ee0000 	C:\WINDOWS\System32\ucrtbase.dll
0x00007ffaae030000 - 0x00007ffaae04b000 	C:\Users\BCS\.jdks\jbr-17.0.12\bin\VCRUNTIME140.dll
0x00007ffaad580000 - 0x00007ffaad597000 	C:\Users\BCS\.jdks\jbr-17.0.12\bin\jli.dll
0x00007ffab7190000 - 0x00007ffab732d000 	C:\WINDOWS\System32\USER32.dll
0x00007ffab4db0000 - 0x00007ffab4dd2000 	C:\WINDOWS\System32\win32u.dll
0x00007ffa94900000 - 0x00007ffa94b9a000 	C:\WINDOWS\WinSxS\amd64_microsoft.windows.common-controls_6595b64144ccf1df_6.0.19041.5794_none_60bcd33171f2783c\COMCTL32.dll
0x00007ffab53a0000 - 0x00007ffab53cb000 	C:\WINDOWS\System32\GDI32.dll
0x00007ffab62b0000 - 0x00007ffab634e000 	C:\WINDOWS\System32\msvcrt.dll
0x00007ffab51e0000 - 0x00007ffab52fa000 	C:\WINDOWS\System32\gdi32full.dll
0x00007ffab5300000 - 0x00007ffab539d000 	C:\WINDOWS\System32\msvcp_win.dll
0x00007ffab6350000 - 0x00007ffab637f000 	C:\WINDOWS\System32\IMM32.DLL
0x00007ffaae020000 - 0x00007ffaae02c000 	C:\Users\BCS\.jdks\jbr-17.0.12\bin\vcruntime140_1.dll
0x00007ffa8e480000 - 0x00007ffa8e50d000 	C:\Users\BCS\.jdks\jbr-17.0.12\bin\msvcp140.dll
0x00007ffa249d0000 - 0x00007ffa2565a000 	C:\Users\BCS\.jdks\jbr-17.0.12\bin\server\jvm.dll
0x00007ffab5a80000 - 0x00007ffab5b2f000 	C:\WINDOWS\System32\ADVAPI32.dll
0x00007ffab6200000 - 0x00007ffab629f000 	C:\WINDOWS\System32\sechost.dll
0x00007ffab5bb0000 - 0x00007ffab5cd3000 	C:\WINDOWS\System32\RPCRT4.dll
0x00007ffab4a10000 - 0x00007ffab4a37000 	C:\WINDOWS\System32\bcrypt.dll
0x00007ffab5b30000 - 0x00007ffab5b9b000 	C:\WINDOWS\System32\WS2_32.dll
0x00007ffab4870000 - 0x00007ffab48bb000 	C:\WINDOWS\SYSTEM32\POWRPROF.dll
0x00007ffaa8520000 - 0x00007ffaa8547000 	C:\WINDOWS\SYSTEM32\WINMM.dll
0x00007ffaac540000 - 0x00007ffaac54a000 	C:\WINDOWS\SYSTEM32\VERSION.dll
0x00007ffab4850000 - 0x00007ffab4862000 	C:\WINDOWS\SYSTEM32\UMPDC.dll
0x00007ffab3230000 - 0x00007ffab3242000 	C:\WINDOWS\SYSTEM32\kernel.appcore.dll
0x00007ffaab8d0000 - 0x00007ffaab8da000 	C:\Users\BCS\.jdks\jbr-17.0.12\bin\jimage.dll
0x00007ffab2790000 - 0x00007ffab2974000 	C:\WINDOWS\SYSTEM32\DBGHELP.DLL
0x00007ffaac700000 - 0x00007ffaac734000 	C:\WINDOWS\SYSTEM32\dbgcore.DLL
0x00007ffab4d20000 - 0x00007ffab4da2000 	C:\WINDOWS\System32\bcryptPrimitives.dll
0x00007ffaab890000 - 0x00007ffaab89e000 	C:\Users\BCS\.jdks\jbr-17.0.12\bin\instrument.dll
0x00007ffaab8a0000 - 0x00007ffaab8c5000 	C:\Users\BCS\.jdks\jbr-17.0.12\bin\java.dll
0x00007ffa88760000 - 0x00007ffa88837000 	C:\Users\BCS\.jdks\jbr-17.0.12\bin\jsvml.dll
0x00007ffab6990000 - 0x00007ffab70fe000 	C:\WINDOWS\System32\SHELL32.dll
0x00007ffab2980000 - 0x00007ffab3123000 	C:\WINDOWS\SYSTEM32\windows.storage.dll
0x00007ffab5430000 - 0x00007ffab5783000 	C:\WINDOWS\System32\combase.dll
0x00007ffab4370000 - 0x00007ffab439b000 	C:\WINDOWS\SYSTEM32\Wldp.dll
0x00007ffab5e70000 - 0x00007ffab5f3d000 	C:\WINDOWS\System32\OLEAUT32.dll
0x00007ffab6010000 - 0x00007ffab60bd000 	C:\WINDOWS\System32\SHCORE.dll
0x00007ffab5870000 - 0x00007ffab58c5000 	C:\WINDOWS\System32\shlwapi.dll
0x00007ffab4940000 - 0x00007ffab4965000 	C:\WINDOWS\SYSTEM32\profapi.dll
0x00007ffaab5e0000 - 0x00007ffaab5f8000 	C:\Users\BCS\.jdks\jbr-17.0.12\bin\zip.dll
0x00007ffaab4d0000 - 0x00007ffaab4e9000 	C:\Users\BCS\.jdks\jbr-17.0.12\bin\net.dll
0x00007ffaae8f0000 - 0x00007ffaae9fa000 	C:\WINDOWS\SYSTEM32\WINHTTP.dll
0x00007ffab40d0000 - 0x00007ffab413c000 	C:\WINDOWS\system32\mswsock.dll
0x00007ffaa82c0000 - 0x00007ffaa82d6000 	C:\Users\BCS\.jdks\jbr-17.0.12\bin\nio.dll
0x00007ffaa82a0000 - 0x00007ffaa82ba000 	C:\Program Files\JetBrains\IntelliJ IDEA 2024.3\bin\breakgen64.dll
0x00007ffab3df0000 - 0x00007ffab3eba000 	C:\WINDOWS\SYSTEM32\DNSAPI.dll
0x00007ffab3db0000 - 0x00007ffab3deb000 	C:\WINDOWS\SYSTEM32\IPHLPAPI.DLL
0x00007ffab60c0000 - 0x00007ffab60c8000 	C:\WINDOWS\System32\NSI.dll
0x00007ffaab5b0000 - 0x00007ffaab5b9000 	C:\Users\BCS\.jdks\jbr-17.0.12\bin\extnet.dll
0x00007ffaac460000 - 0x00007ffaac46a000 	C:\Windows\System32\rasadhlp.dll
0x00007ffaaba40000 - 0x00007ffaabac0000 	C:\WINDOWS\System32\fwpuclnt.dll
0x00007ffaab540000 - 0x00007ffaab549000 	C:\Users\BCS\.jdks\jbr-17.0.12\bin\management.dll
0x00007ffaa8290000 - 0x00007ffaa829b000 	C:\Users\BCS\.jdks\jbr-17.0.12\bin\management_ext.dll
0x00007ffab5ba0000 - 0x00007ffab5ba8000 	C:\WINDOWS\System32\PSAPI.DLL
0x000002336f930000 - 0x000002336f933000 	C:\Program Files\javafx-sdk-17.0.14\bin\api-ms-win-core-console-l1-1-0.dll
0x000002336f940000 - 0x000002336f943000 	C:\Program Files\javafx-sdk-17.0.14\bin\api-ms-win-core-console-l1-2-0.dll
0x000002336f950000 - 0x000002336f953000 	C:\Program Files\javafx-sdk-17.0.14\bin\api-ms-win-core-datetime-l1-1-0.dll
0x000002336f960000 - 0x000002336f963000 	C:\Program Files\javafx-sdk-17.0.14\bin\api-ms-win-core-debug-l1-1-0.dll
0x000002336f970000 - 0x000002336f973000 	C:\Program Files\javafx-sdk-17.0.14\bin\api-ms-win-core-errorhandling-l1-1-0.dll
0x000002337f320000 - 0x000002337f324000 	C:\Program Files\javafx-sdk-17.0.14\bin\api-ms-win-core-file-l1-1-0.dll
0x000002337f330000 - 0x000002337f333000 	C:\Program Files\javafx-sdk-17.0.14\bin\api-ms-win-core-file-l1-2-0.dll
0x000002337f1f0000 - 0x000002337f1f3000 	C:\Program Files\javafx-sdk-17.0.14\bin\api-ms-win-core-file-l2-1-0.dll
0x000002337f200000 - 0x000002337f203000 	C:\Program Files\javafx-sdk-17.0.14\bin\api-ms-win-core-handle-l1-1-0.dll
0x000002337f210000 - 0x000002337f213000 	C:\Program Files\javafx-sdk-17.0.14\bin\api-ms-win-core-heap-l1-1-0.dll
0x000002337f220000 - 0x000002337f223000 	C:\Program Files\javafx-sdk-17.0.14\bin\api-ms-win-core-interlocked-l1-1-0.dll
0x000002337f230000 - 0x000002337f233000 	C:\Program Files\javafx-sdk-17.0.14\bin\api-ms-win-core-libraryloader-l1-1-0.dll
0x000002337f240000 - 0x000002337f243000 	C:\Program Files\javafx-sdk-17.0.14\bin\api-ms-win-core-localization-l1-2-0.dll
0x000002337f250000 - 0x000002337f253000 	C:\Program Files\javafx-sdk-17.0.14\bin\api-ms-win-core-memory-l1-1-0.dll
0x000002337f260000 - 0x000002337f263000 	C:\Program Files\javafx-sdk-17.0.14\bin\api-ms-win-core-namedpipe-l1-1-0.dll
0x000002337f270000 - 0x000002337f273000 	C:\Program Files\javafx-sdk-17.0.14\bin\api-ms-win-core-processenvironment-l1-1-0.dll
0x000002337f280000 - 0x000002337f283000 	C:\Program Files\javafx-sdk-17.0.14\bin\api-ms-win-core-processthreads-l1-1-0.dll
0x000002337f290000 - 0x000002337f293000 	C:\Program Files\javafx-sdk-17.0.14\bin\api-ms-win-core-processthreads-l1-1-1.dll
0x000002337f2a0000 - 0x000002337f2a3000 	C:\Program Files\javafx-sdk-17.0.14\bin\api-ms-win-core-profile-l1-1-0.dll
0x000002337f2b0000 - 0x000002337f2b3000 	C:\Program Files\javafx-sdk-17.0.14\bin\api-ms-win-core-rtlsupport-l1-1-0.dll
0x000002337f2c0000 - 0x000002337f2c3000 	C:\Program Files\javafx-sdk-17.0.14\bin\api-ms-win-core-string-l1-1-0.dll
0x000002337f2d0000 - 0x000002337f2d3000 	C:\Program Files\javafx-sdk-17.0.14\bin\api-ms-win-core-synch-l1-1-0.dll
0x000002337f2e0000 - 0x000002337f2e3000 	C:\Program Files\javafx-sdk-17.0.14\bin\api-ms-win-core-synch-l1-2-0.dll
0x000002337f2f0000 - 0x000002337f2f3000 	C:\Program Files\javafx-sdk-17.0.14\bin\api-ms-win-core-sysinfo-l1-1-0.dll
0x000002337f300000 - 0x000002337f303000 	C:\Program Files\javafx-sdk-17.0.14\bin\api-ms-win-core-timezone-l1-1-0.dll
0x000002337f310000 - 0x000002337f313000 	C:\Program Files\javafx-sdk-17.0.14\bin\api-ms-win-core-util-l1-1-0.dll
0x000002337f340000 - 0x000002337f343000 	C:\Program Files\javafx-sdk-17.0.14\bin\api-ms-win-crt-conio-l1-1-0.dll
0x000002337f350000 - 0x000002337f354000 	C:\Program Files\javafx-sdk-17.0.14\bin\api-ms-win-crt-convert-l1-1-0.dll
0x000002337f660000 - 0x000002337f663000 	C:\Program Files\javafx-sdk-17.0.14\bin\api-ms-win-crt-environment-l1-1-0.dll
0x000002337f670000 - 0x000002337f673000 	C:\Program Files\javafx-sdk-17.0.14\bin\api-ms-win-crt-filesystem-l1-1-0.dll
0x000002337f680000 - 0x000002337f683000 	C:\Program Files\javafx-sdk-17.0.14\bin\api-ms-win-crt-heap-l1-1-0.dll
0x000002337f690000 - 0x000002337f693000 	C:\Program Files\javafx-sdk-17.0.14\bin\api-ms-win-crt-locale-l1-1-0.dll
0x000002337f360000 - 0x000002337f365000 	C:\Program Files\javafx-sdk-17.0.14\bin\api-ms-win-crt-math-l1-1-0.dll
0x000002337f370000 - 0x000002337f375000 	C:\Program Files\javafx-sdk-17.0.14\bin\api-ms-win-crt-multibyte-l1-1-0.dll
0x000002337f380000 - 0x000002337f390000 	C:\Program Files\javafx-sdk-17.0.14\bin\api-ms-win-crt-private-l1-1-0.dll
0x000002337f390000 - 0x000002337f393000 	C:\Program Files\javafx-sdk-17.0.14\bin\api-ms-win-crt-process-l1-1-0.dll
0x000002337f3a0000 - 0x000002337f3a4000 	C:\Program Files\javafx-sdk-17.0.14\bin\api-ms-win-crt-runtime-l1-1-0.dll
0x000002337f3b0000 - 0x000002337f3b4000 	C:\Program Files\javafx-sdk-17.0.14\bin\api-ms-win-crt-stdio-l1-1-0.dll
0x000002337f3c0000 - 0x000002337f3c4000 	C:\Program Files\javafx-sdk-17.0.14\bin\api-ms-win-crt-string-l1-1-0.dll
0x000002337f3d0000 - 0x000002337f3d3000 	C:\Program Files\javafx-sdk-17.0.14\bin\api-ms-win-crt-time-l1-1-0.dll
0x000002337f3e0000 - 0x000002337f3e3000 	C:\Program Files\javafx-sdk-17.0.14\bin\api-ms-win-crt-utility-l1-1-0.dll
0x00007ffa80010000 - 0x00007ffa8010c000 	C:\Program Files\javafx-sdk-17.0.14\bin\ucrtbase.dll
0x00007ffaa6b50000 - 0x00007ffaa6b6b000 	C:\Program Files\javafx-sdk-17.0.14\bin\vcruntime140.dll
0x00007ffaa6700000 - 0x00007ffaa670c000 	C:\Program Files\javafx-sdk-17.0.14\bin\vcruntime140_1.dll
0x00007ffa8e3f0000 - 0x00007ffa8e47e000 	C:\Program Files\javafx-sdk-17.0.14\bin\msvcp140.dll
0x00007ffaa66f0000 - 0x00007ffaa66f9000 	C:\Program Files\javafx-sdk-17.0.14\bin\msvcp140_1.dll
0x00007ffa97470000 - 0x00007ffa974b1000 	C:\Program Files\javafx-sdk-17.0.14\bin\msvcp140_2.dll
0x00007ffab42d0000 - 0x00007ffab42e8000 	C:\WINDOWS\SYSTEM32\CRYPTSP.dll
0x00007ffab39f0000 - 0x00007ffab3a28000 	C:\WINDOWS\system32\rsaenh.dll
0x00007ffab48c0000 - 0x00007ffab48ee000 	C:\WINDOWS\SYSTEM32\USERENV.dll
0x00007ffab42c0000 - 0x00007ffab42cc000 	C:\WINDOWS\SYSTEM32\CRYPTBASE.dll
0x00007ffaa66c0000 - 0x00007ffaa66ea000 	C:\Program Files\javafx-sdk-17.0.14\bin\prism_d3d.dll
0x00007ffa3dbb0000 - 0x00007ffa3dd81000 	C:\WINDOWS\system32\d3d9.dll
0x00007ffab23e0000 - 0x00007ffab240f000 	C:\WINDOWS\SYSTEM32\dwmapi.dll
0x00007ffab2000000 - 0x00007ffab209e000 	C:\WINDOWS\system32\uxtheme.dll
0x00007ffa7d660000 - 0x00007ffa7d7c5000 	C:\WINDOWS\System32\DriverStore\FileRepository\iigd_dch.inf_amd64_2b1d9e395a05d1c9\igdumdim64.dll
0x00007ffab60d0000 - 0x00007ffab61fb000 	C:\WINDOWS\System32\ole32.dll
0x00007ffa000e0000 - 0x00007ffa04860000 	C:\WINDOWS\System32\DriverStore\FileRepository\iigd_dch.inf_amd64_2b1d9e395a05d1c9\igd9dxva64.dll
0x00007ffab6520000 - 0x00007ffab6990000 	C:\WINDOWS\System32\SETUPAPI.dll
0x00007ffab4cd0000 - 0x00007ffab4d1e000 	C:\WINDOWS\System32\cfgmgr32.dll
0x00007ffaadcf0000 - 0x00007ffaadd07000 	C:\WINDOWS\SYSTEM32\dhcpcsvc6.DLL
0x00007ffaa2510000 - 0x00007ffaa2768000 	C:\WINDOWS\System32\DriverStore\FileRepository\iigd_dch.inf_amd64_2b1d9e395a05d1c9\igdgmm64.dll
0x00007ffaadc20000 - 0x00007ffaadc3d000 	C:\WINDOWS\SYSTEM32\dhcpcsvc.DLL
0x00007ffa95710000 - 0x00007ffa95752000 	C:\Program Files\javafx-sdk-17.0.14\bin\glass.dll
0x00007ffab5ce0000 - 0x00007ffab5dba000 	C:\WINDOWS\System32\COMDLG32.dll
0x00007ffa95c30000 - 0x00007ffa95c47000 	C:\WINDOWS\system32\napinsp.dll
0x00007ffa95c10000 - 0x00007ffa95c2b000 	C:\WINDOWS\system32\pnrpnsp.dll
0x00007ffaae620000 - 0x00007ffaae63d000 	C:\WINDOWS\system32\NLAapi.dll
0x00007ffa95bf0000 - 0x00007ffa95c02000 	C:\WINDOWS\System32\winrnr.dll
0x00007ffa95bd0000 - 0x00007ffa95be5000 	C:\WINDOWS\system32\wshbth.dll

dbghelp: loaded successfully - version: 4.0.5 - missing functions: none
symbol engine: initialized successfully - sym options: 0x614 - pdb path: .;C:\Users\BCS\.jdks\jbr-17.0.12\bin;C:\WINDOWS\SYSTEM32;C:\WINDOWS\WinSxS\amd64_microsoft.windows.common-controls_6595b64144ccf1df_6.0.19041.5794_none_60bcd33171f2783c;C:\Users\BCS\.jdks\jbr-17.0.12\bin\server;C:\Program Files\JetBrains\IntelliJ IDEA 2024.3\bin;C:\Program Files\javafx-sdk-17.0.14\bin;C:\WINDOWS\System32\DriverStore\FileRepository\iigd_dch.inf_amd64_2b1d9e395a05d1c9;C:\Program Files\Common Files\Microsoft Shared\Ink

VM Arguments:
jvm_args: --module-path=C:\Program Files\javafx-sdk-17.0.14\lib --add-modules=javafx.controls,javafx.fxml,javafx.graphics -javaagent:C:\Program Files\JetBrains\IntelliJ IDEA 2024.3\lib\idea_rt.jar=62127:C:\Program Files\JetBrains\IntelliJ IDEA 2024.3\bin -Dfile.encoding=UTF-8 
java_command: tn.esprit.test.MainFX
java_class_path (initial): C:\Users\BCS\Desktop\PI_Java-main\target\classes;C:\Users\BCS\.m2\repository\org\apache\poi\poi\5.2.3\poi-5.2.3.jar;C:\Users\BCS\.m2\repository\commons-codec\commons-codec\1.15\commons-codec-1.15.jar;C:\Users\BCS\.m2\repository\org\apache\commons\commons-collections4\4.4\commons-collections4-4.4.jar;C:\Users\BCS\.m2\repository\org\apache\commons\commons-math3\3.6.1\commons-math3-3.6.1.jar;C:\Users\BCS\.m2\repository\commons-io\commons-io\2.11.0\commons-io-2.11.0.jar;C:\Users\BCS\.m2\repository\com\zaxxer\SparseBitSet\1.2\SparseBitSet-1.2.jar;C:\Users\BCS\.m2\repository\org\apache\logging\log4j\log4j-api\2.18.0\log4j-api-2.18.0.jar;C:\Users\BCS\.m2\repository\org\apache\poi\poi-ooxml\5.2.3\poi-ooxml-5.2.3.jar;C:\Users\BCS\.m2\repository\org\apache\poi\poi-ooxml-lite\5.2.3\poi-ooxml-lite-5.2.3.jar;C:\Users\BCS\.m2\repository\org\apache\xmlbeans\xmlbeans\5.1.1\xmlbeans-5.1.1.jar;C:\Users\BCS\.m2\repository\org\apache\commons\commons-compress\1.21\commons-compress-1.21.jar;C:\Users\BCS\.m2\repository\com\github\virtuald\curvesapi\1.07\curvesapi-1.07.jar;C:\Users\BCS\.m2\repository\com\mysql\mysql-connector-j\8.0.33\mysql-connector-j-8.0.33.jar;C:\Users\BCS\.m2\repository\com\google\protobuf\protobuf-java\3.21.9\protobuf-java-3.21.9.jar;C:\Users\BCS\.m2\repository\org\openjfx\javafx-controls\22.0.2\javafx-controls-22.0.2.jar;C:\Users\BCS\.m2\repository\org\openjfx\javafx-controls\22.0.2\javafx-controls-22.0.2-win.jar;C:\Users\BCS\.m2\repository\org\openjfx\javafx-graphics\22.0.2\javafx-graphics-22.0.2.jar;C:\Users\BCS\.m2\repository\org\openjfx\javafx-graphics\22.0.2\javafx-graphics-22.0.2-win.jar;C:\Users\BCS\.m2\repository\org\openjfx\javafx-base\22.0.2\javafx-base-22.0.2.jar;C:\Users\BCS\.m2\repository\org\openjfx\javafx-base\22.0.2\javafx-base-22.0.2-win.jar;C:\Users\BCS\.m2\repository\com\jfoenix\jfoenix\9.0.10\jfoenix-9.0.10.jar;C:\Users\BCS\.m2\repository\org\openjfx\javafx-fxml\22.0.2\javafx-fxml-22.0.2.jar;C:\Users\BCS\.m2\repository
Launcher Type: SUN_STANDARD

[Global flags]
     intx CICompilerCount                          = 4                                         {product} {ergonomic}
     uint ConcGCThreads                            = 2                                         {product} {ergonomic}
     uint G1ConcRefinementThreads                  = 8                                         {product} {ergonomic}
   size_t G1HeapRegionSize                         = 2097152                                   {product} {ergonomic}
    uintx GCDrainStackTargetSize                   = 64                                        {product} {ergonomic}
   size_t InitialHeapSize                          = 201326592                                 {product} {ergonomic}
   size_t MarkStackSize                            = 4194304                                   {product} {ergonomic}
   size_t MaxHeapSize                              = 3191865344                                {product} {ergonomic}
   size_t MaxNewSize                               = 1914699776                                {product} {ergonomic}
   size_t MinHeapDeltaBytes                        = 2097152                                   {product} {ergonomic}
   size_t MinHeapSize                              = 8388608                                   {product} {ergonomic}
    uintx NonNMethodCodeHeapSize                   = 5839372                                {pd product} {ergonomic}
    uintx NonProfiledCodeHeapSize                  = 122909434                              {pd product} {ergonomic}
    uintx ProfiledCodeHeapSize                     = 122909434                              {pd product} {ergonomic}
    uintx ReservedCodeCacheSize                    = 251658240                              {pd product} {ergonomic}
     bool SegmentedCodeCache                       = true                                      {product} {ergonomic}
   size_t SoftMaxHeapSize                          = 3191865344                             {manageable} {ergonomic}
     bool UseCompressedClassPointers               = true                           {product lp64_product} {ergonomic}
     bool UseCompressedOops                        = true                           {product lp64_product} {ergonomic}
     bool UseG1GC                                  = true                                      {product} {ergonomic}
     bool UseLargePagesIndividualAllocation        = false                                  {pd product} {ergonomic}

Logging:
Log output configuration:
 #0: stdout all=off uptime,level,tags
 #1: stderr all=off uptime,level,tags

Environment Variables:
PATH=C:\xampp\php;C:\oraclexe\app\oracle\product\11.2.0\server\bin;C:\Program Files (x86)\VMware\VMware Workstation\bin\;C:\WINDOWS\system32;C:\WINDOWS;C:\WINDOWS\System32\Wbem;C:\WINDOWS\System32\WindowsPowerShell\v1.0\;C:\WINDOWS\System32\OpenSSH\;C:\xampp\phpMyAdmin\vendor\symfony;C:\php-8.1.31;C:\Users\BCS\.symfony5;C:\composer;C:\xampp;C:\Users\BCS\scoop\apps\openssl\current\bin;C:\Users\BCS\AppData\Local\Programs\Python\Python313\Scripts\;C:\Users\BCS\AppData\Local\Programs\Python\Python313\;C:\Users\BCS\scoop\apps\openssl\current\bin;C:\Users\BCS\scoop\shims;C:\Users\BCS\AppData\Local\Microsoft\WindowsApps;C:\Users\BCS\AppData\Local\Programs\Microsoft VS Code\bin;C:\xampp;C:\Users\BCS\AppData\Roaming\Composer\vendor\bin;C:\composer;C:\Users\BCS\AppData\Local\GitHubDesktop\bin
USERNAME=BCS
OS=Windows_NT
PROCESSOR_IDENTIFIER=Intel64 Family 6 Model 142 Stepping 12, GenuineIntel
TMP=C:\Users\BCS\AppData\Local\Temp
TEMP=C:\Users\BCS\AppData\Local\Temp



Periodic native trim disabled

JNI global refs:
JNI global refs: 39, weak refs: 0

JNI global refs memory usage: 843, weak refs: 209

Process memory usage:
Resident Set Size: 252808K (2% of 12466392K total physical memory with 3388184K free physical memory)

OOME stack traces (most recent first):
Classloader memory used:
Loader jdk.internal.loader.ClassLoaders$AppClassLoader                                 : 1914K
Loader bootstrap                                                                       : 1785K
Loader jdk.internal.loader.ClassLoaders$PlatformClassLoader                            : 128K
Loader jdk.internal.reflect.DelegatingClassLoader                                      : 18264B
Loader sun.reflect.misc.MethodUtil                                                     : 519B
Loader com.sun.javafx.reflect.MethodUtil                                               : 364B


---------------  S Y S T E M  ---------------

OS:
 Windows 10 , 64 bit Build 19041 (10.0.19041.5794)
OS uptime: 0 days 15:49 hours

CPU: total 8 (initial active 8) (4 cores per cpu, 2 threads per core) family 6 model 142 stepping 12 microcode 0xca, cx8, cmov, fxsr, ht, mmx, 3dnowpref, sse, sse2, sse3, ssse3, sse4.1, sse4.2, popcnt, lzcnt, tsc, tscinvbit, avx, avx2, aes, erms, clmul, bmi1, bmi2, adx, fma, vzeroupper, clflush, clflushopt
Processor Information for all 8 processors :
  Max Mhz: 1800, Current Mhz: 1600, Mhz Limit: 1584

Memory: 4k page, system-wide physical 12174M (3308M free)
TotalPageFile size 16526M (AvailPageFile size 5243M)
current process WorkingSet (physical memory assigned to process): 247M, peak: 248M
current process commit charge ("private bytes"): 277M, peak: 354M

vm_info: OpenJDK 64-Bit Server VM (17.0.12+1-b1207.37) for windows-amd64 JRE (17.0.12+1-b1207.37), built on 2024-09-25 by "builduser" with MS VC++ 16.10 / 16.11 (VS2019)

END.
